==28439== Memcheck, a memory error detector
==28439== Copyright (C) 2002-2013, and GNU GPL'd, by Julian Seward et al.
==28439== Using Valgrind-3.10.0 and LibVEX; rerun with -h for copyright info
==28439== Command: /home/smangano/dev/theoria/build/unittests
==28439== 
[==========] Running 118 tests from 24 test cases.
[----------] Global test environment set-up.
[----------] 6 tests from ConfigTest
[ RUN      ] ConfigTest.SingleConfigTest
[       OK ] ConfigTest.SingleConfigTest (86 ms)
[ RUN      ] ConfigTest.SingleConfigWithAttrTest
[       OK ] ConfigTest.SingleConfigWithAttrTest (51 ms)
[ RUN      ] ConfigTest.AddExitsThrowsTest
[       OK ] ConfigTest.AddExitsThrowsTest (97 ms)
[ RUN      ] ConfigTest.SingleConfigWithOneChildTest
[       OK ] ConfigTest.SingleConfigWithOneChildTest (45 ms)
[ RUN      ] ConfigTest.SingleConfigWithMultipleChildrenTest
[       OK ] ConfigTest.SingleConfigWithMultipleChildrenTest (75 ms)
[ RUN      ] ConfigTest.SingleConfigWithOneChildTOMLTest
[       OK ] ConfigTest.SingleConfigWithOneChildTOMLTest (20 ms)
[----------] 6 tests from ConfigTest (390 ms total)

[----------] 3 tests from EnvVarResolveTest
[ RUN      ] EnvVarResolveTest.Name
[       OK ] EnvVarResolveTest.Name (13 ms)
[ RUN      ] EnvVarResolveTest.ResolveFirstTest
[       OK ] EnvVarResolveTest.ResolveFirstTest (15 ms)
[ RUN      ] EnvVarResolveTest.ResolveLastTest
[       OK ] EnvVarResolveTest.ResolveLastTest (8 ms)
[----------] 3 tests from EnvVarResolveTest (37 ms total)

[----------] 3 tests from CmdLineResolverTest
[ RUN      ] CmdLineResolverTest.Name
[       OK ] CmdLineResolverTest.Name (56 ms)
[ RUN      ] CmdLineResolverTest.ResolveFirstTest
[       OK ] CmdLineResolverTest.ResolveFirstTest (12 ms)
[ RUN      ] CmdLineResolverTest.ResolveLastTest
[       OK ] CmdLineResolverTest.ResolveLastTest (4 ms)
[----------] 3 tests from CmdLineResolverTest (73 ms total)

[----------] 6 tests from ChainedResolverTest
[ RUN      ] ChainedResolverTest.ResolveFirstTest
[       OK ] ChainedResolverTest.ResolveFirstTest (12 ms)
[ RUN      ] ChainedResolverTest.ResolveLastTest
[       OK ] ChainedResolverTest.ResolveLastTest (8 ms)
[ RUN      ] ChainedResolverTest.ResolveFirstTestWithDissallow
[       OK ] ChainedResolverTest.ResolveFirstTestWithDissallow (9 ms)
[ RUN      ] ChainedResolverTest.ResolveLastTestWithDisallow
[       OK ] ChainedResolverTest.ResolveLastTestWithDisallow (7 ms)
[ RUN      ] ChainedResolverTest.ResolveFirstTestWithDisable
[       OK ] ChainedResolverTest.ResolveFirstTestWithDisable (9 ms)
[ RUN      ] ChainedResolverTest.ResolveLastTestWithDisable
[       OK ] ChainedResolverTest.ResolveLastTestWithDisable (7 ms)
[----------] 6 tests from ChainedResolverTest (52 ms total)

[----------] 4 tests from TOMLResolverTest
[ RUN      ] TOMLResolverTest.Name
[       OK ] TOMLResolverTest.Name (295 ms)
[ RUN      ] TOMLResolverTest.ResolveFirst
[       OK ] TOMLResolverTest.ResolveFirst (102 ms)
[ RUN      ] TOMLResolverTest.BadTOML
[       OK ] TOMLResolverTest.BadTOML (17 ms)
[ RUN      ] TOMLResolverTest.BadTOMLFile
[       OK ] TOMLResolverTest.BadTOMLFile (23 ms)
[----------] 4 tests from TOMLResolverTest (438 ms total)

[----------] 4 tests from TOMLConfigBuilderTest
[ RUN      ] TOMLConfigBuilderTest.TestSimpleTOML
[       OK ] TOMLConfigBuilderTest.TestSimpleTOML (83 ms)
[ RUN      ] TOMLConfigBuilderTest.ParseBadFile
[       OK ] TOMLConfigBuilderTest.ParseBadFile (5 ms)
[ RUN      ] TOMLConfigBuilderTest.TestTOMLWithTableArray
[       OK ] TOMLConfigBuilderTest.TestTOMLWithTableArray (90 ms)
[ RUN      ] TOMLConfigBuilderTest.TestTOMLWithNestedTables
[       OK ] TOMLConfigBuilderTest.TestTOMLWithNestedTables (37 ms)
[----------] 4 tests from TOMLConfigBuilderTest (216 ms total)

[----------] 1 test from AppConfigResolverTest
[ RUN      ] AppConfigResolverTest.TestLookup
[       OK ] AppConfigResolverTest.TestLookup (43 ms)
[----------] 1 test from AppConfigResolverTest (43 ms total)

[----------] 6 tests from TestBootstrap
[ RUN      ] TestBootstrap.createCoreCompTest
[       OK ] TestBootstrap.createCoreCompTest (86 ms)
[ RUN      ] TestBootstrap.createCoreCompentsTest
[       OK ] TestBootstrap.createCoreCompentsTest (26 ms)
[ RUN      ] TestBootstrap.initializeCoreComponentTest
[       OK ] TestBootstrap.initializeCoreComponentTest (82 ms)
[ RUN      ] TestBootstrap.initializeAppLifeCycleTest
[       OK ] TestBootstrap.initializeAppLifeCycleTest (17 ms)
[ RUN      ] TestBootstrap.finalizeAppLifeCycleTest
[       OK ] TestBootstrap.finalizeAppLifeCycleTest (9 ms)
[ RUN      ] TestBootstrap.satisfyAndFinalizeTest
[       OK ] TestBootstrap.satisfyAndFinalizeTest (36 ms)
[----------] 6 tests from TestBootstrap (257 ms total)

[----------] 1 test from TestBootstrap1
[ RUN      ] TestBootstrap1.TestSingleCompontConfig
[       OK ] TestBootstrap1.TestSingleCompontConfig (23 ms)
[----------] 1 test from TestBootstrap1 (24 ms total)

[----------] 4 tests from BootstrapFindConfigTest
[ RUN      ] BootstrapFindConfigTest.findConfigViaEnv
[       OK ] BootstrapFindConfigTest.findConfigViaEnv (29 ms)
[ RUN      ] BootstrapFindConfigTest.findConfigViaCmdLineOpt
[       OK ] BootstrapFindConfigTest.findConfigViaCmdLineOpt (18 ms)
[ RUN      ] BootstrapFindConfigTest.findConfigViaOS
[       OK ] BootstrapFindConfigTest.findConfigViaOS (6 ms)
[ RUN      ] BootstrapFindConfigTest.findConfigThrows
build/test/core/Bootstrap.cpp:232: Failure
Expected: bootstrap.findConfig() throws an exception of type std::runtime_error.
  Actual: it throws nothing.
[  FAILED  ] BootstrapFindConfigTest.findConfigThrows (40 ms)
[----------] 4 tests from BootstrapFindConfigTest (97 ms total)

[----------] 1 test from TestComponent
[ RUN      ] TestComponent.TestBasics
[       OK ] TestComponent.TestBasics (12 ms)
[----------] 1 test from TestComponent (13 ms total)

[----------] 1 test from TestComponentImplCalcInterface
[ RUN      ] TestComponentImplCalcInterface.TestCast
[       OK ] TestComponentImplCalcInterface.TestCast (13 ms)
[----------] 1 test from TestComponentImplCalcInterface (14 ms total)

[----------] 1 test from TestComponentOwnsCalcInterface
[ RUN      ] TestComponentOwnsCalcInterface.TestCast
[       OK ] TestComponentOwnsCalcInterface.TestCast (20 ms)
[----------] 1 test from TestComponentOwnsCalcInterface (20 ms total)

[----------] 1 test from TestComponentKnowsCalcInterfaceImpl
[ RUN      ] TestComponentKnowsCalcInterfaceImpl.TestCast
[       OK ] TestComponentKnowsCalcInterfaceImpl.TestCast (7 ms)
[----------] 1 test from TestComponentKnowsCalcInterfaceImpl (7 ms total)

[----------] 1 test from TestComponentKnowsCalcInterfaceOwn
[ RUN      ] TestComponentKnowsCalcInterfaceOwn.TestCast
[       OK ] TestComponentKnowsCalcInterfaceOwn.TestCast (7 ms)
[----------] 1 test from TestComponentKnowsCalcInterfaceOwn (7 ms total)

[----------] 2 tests from TestConfigVarResolverBuilderComp
[ RUN      ] TestConfigVarResolverBuilderComp.TestInit
[       OK ] TestConfigVarResolverBuilderComp.TestInit (51 ms)
[ RUN      ] TestConfigVarResolverBuilderComp.TestFinalize
[       OK ] TestConfigVarResolverBuilderComp.TestFinalize (43 ms)
[----------] 2 tests from TestConfigVarResolverBuilderComp (95 ms total)

[----------] 4 tests from DependentTest
[ RUN      ] DependentTest.TestStr
[       OK ] DependentTest.TestStr (14 ms)
[ RUN      ] DependentTest.TestStrCast
[       OK ] DependentTest.TestStrCast (7 ms)
[ RUN      ] DependentTest.TestStream
[       OK ] DependentTest.TestStream (5 ms)
[ RUN      ] DependentTest.TestRequred
[       OK ] DependentTest.TestRequred (3 ms)
[----------] 4 tests from DependentTest (30 ms total)

[----------] 1 test from RegisterThisTest
[ RUN      ] RegisterThisTest.RegisterFactoryByTypenameOnly
[       OK ] RegisterThisTest.RegisterFactoryByTypenameOnly (10 ms)
[----------] 1 test from RegisterThisTest (10 ms total)

[----------] 18 tests from RegistryTest
[ RUN      ] RegistryTest.RegisterFactoryByTypenameOnly
[       OK ] RegistryTest.RegisterFactoryByTypenameOnly (6 ms)
[ RUN      ] RegistryTest.RegisterFactoryByTypenameAndSubType
[       OK ] RegistryTest.RegisterFactoryByTypenameAndSubType (11 ms)
[ RUN      ] RegistryTest.CreateByTypenameOnlyOneRegister
[       OK ] RegistryTest.CreateByTypenameOnlyOneRegister (7 ms)
[ RUN      ] RegistryTest.CreateByTypenameTwoRegisterUseDefault
[       OK ] RegistryTest.CreateByTypenameTwoRegisterUseDefault (14 ms)
[ RUN      ] RegistryTest.CreateByTypenameTwoRegisterUseAlreadyUsed
[       OK ] RegistryTest.CreateByTypenameTwoRegisterUseAlreadyUsed (7 ms)
[ RUN      ] RegistryTest.CreateByTypenameTwoRegisterUseFirst
[       OK ] RegistryTest.CreateByTypenameTwoRegisterUseFirst (5 ms)
[ RUN      ] RegistryTest.CreateByTypenameTwoRegisterErrorDueToNoAmbiguity
[       OK ] RegistryTest.CreateByTypenameTwoRegisterErrorDueToNoAmbiguity (5 ms)
[ RUN      ] RegistryTest.CreateByDepNoMatching
[       OK ] RegistryTest.CreateByDepNoMatching (7 ms)
[ RUN      ] RegistryTest.CreateByDepOnlyOneRegister
[       OK ] RegistryTest.CreateByDepOnlyOneRegister (10 ms)
[ RUN      ] RegistryTest.CreateByDepTwoRegistered
[       OK ] RegistryTest.CreateByDepTwoRegistered (11 ms)
[ RUN      ] RegistryTest.TestCreateComponentNotRegisteredThrows
[       OK ] RegistryTest.TestCreateComponentNotRegisteredThrows (7 ms)
[ RUN      ] RegistryTest.ComponentById
[       OK ] RegistryTest.ComponentById (16 ms)
[ RUN      ] RegistryTest.ComponentByType
[       OK ] RegistryTest.ComponentByType (10 ms)
[ RUN      ] RegistryTest.ComponentByTypeSubType
[       OK ] RegistryTest.ComponentByTypeSubType (12 ms)
[ RUN      ] RegistryTest.ComponentByDep
[       OK ] RegistryTest.ComponentByDep (15 ms)
[ RUN      ] RegistryTest.FactoryMapIteratorWithLocking
[       OK ] RegistryTest.FactoryMapIteratorWithLocking (17 ms)
[ RUN      ] RegistryTest.LockingWithTimeOut
[       OK ] RegistryTest.LockingWithTimeOut (14 ms)
[ RUN      ] RegistryTest.Dump
[       OK ] RegistryTest.Dump (21 ms)
[----------] 18 tests from RegistryTest (199 ms total)

[----------] 3 tests from TheoriaTest
[ RUN      ] TheoriaTest.Help
[       OK ] TheoriaTest.Help (14 ms)
[ RUN      ] TheoriaTest.HelpOption
[       OK ] TheoriaTest.HelpOption (8 ms)
[ RUN      ] TheoriaTest.HelpOptionBad
[       OK ] TheoriaTest.HelpOptionBad (4 ms)
[----------] 3 tests from TheoriaTest (27 ms total)

[----------] 27 tests from CommandLineTest
[ RUN      ] CommandLineTest.NoArgsThrows
[       OK ] CommandLineTest.NoArgsThrows (10 ms)
[ RUN      ] CommandLineTest.ConfigFileOnly
[       OK ] CommandLineTest.ConfigFileOnly (9 ms)
[ RUN      ] CommandLineTest.ConfigFileOnlyDashDash
[       OK ] CommandLineTest.ConfigFileOnlyDashDash (6 ms)
[ RUN      ] CommandLineTest.ConfigFileAndOneBareSetting
[       OK ] CommandLineTest.ConfigFileAndOneBareSetting (8 ms)
[ RUN      ] CommandLineTest.ConfigFileAndOneBareUserSetting
[       OK ] CommandLineTest.ConfigFileAndOneBareUserSetting (6 ms)
[ RUN      ] CommandLineTest.ConfigFileAndOneSetting
[       OK ] CommandLineTest.ConfigFileAndOneSetting (10 ms)
[ RUN      ] CommandLineTest.ConfigFileAndOneUserSetting
[       OK ] CommandLineTest.ConfigFileAndOneUserSetting (8 ms)
[ RUN      ] CommandLineTest.ConfigFileAndOneSettingDashDash
[       OK ] CommandLineTest.ConfigFileAndOneSettingDashDash (8 ms)
[ RUN      ] CommandLineTest.ConfigFileAndOneUserSettingDashDash
[       OK ] CommandLineTest.ConfigFileAndOneUserSettingDashDash (9 ms)
[ RUN      ] CommandLineTest.ConfigFileAndMixedSettings
[       OK ] CommandLineTest.ConfigFileAndMixedSettings (23 ms)
[ RUN      ] CommandLineTest.ConfigFileAndMixedUserSettings
[       OK ] CommandLineTest.ConfigFileAndMixedUserSettings (10 ms)
[ RUN      ] CommandLineTest.ConfigFileAndMixedSettingsDashDash
[       OK ] CommandLineTest.ConfigFileAndMixedSettingsDashDash (11 ms)
[ RUN      ] CommandLineTest.ConfigFileNoSettingsOneVar
[       OK ] CommandLineTest.ConfigFileNoSettingsOneVar (8 ms)
[ RUN      ] CommandLineTest.ConfigFileNoSettingsMixedVars
[       OK ] CommandLineTest.ConfigFileNoSettingsMixedVars (10 ms)
[ RUN      ] CommandLineTest.ConfigFileAndMixedUserSettingsAndVariables
[       OK ] CommandLineTest.ConfigFileAndMixedUserSettingsAndVariables (13 ms)
[ RUN      ] CommandLineTest.SettingAsPtr
[       OK ] CommandLineTest.SettingAsPtr (6 ms)
[ RUN      ] CommandLineTest.SettingAsStr
[       OK ] CommandLineTest.SettingAsStr (4 ms)
[ RUN      ] CommandLineTest.SettingAsInt
[       OK ] CommandLineTest.SettingAsInt (8 ms)
[ RUN      ] CommandLineTest.SettingAsDbl
[       OK ] CommandLineTest.SettingAsDbl (10 ms)
[ RUN      ] CommandLineTest.SettingAsBool
[       OK ] CommandLineTest.SettingAsBool (11 ms)
[ RUN      ] CommandLineTest.HelpOnly
[       OK ] CommandLineTest.HelpOnly (4 ms)
[ RUN      ] CommandLineTest.HelpSetting
[       OK ] CommandLineTest.HelpSetting (4 ms)
[ RUN      ] CommandLineTest.DupUserSetting
[       OK ] CommandLineTest.DupUserSetting (3 ms)
[ RUN      ] CommandLineTest.NoConfig
[       OK ] CommandLineTest.NoConfig (3 ms)
[ RUN      ] CommandLineTest.ConfigFileSettingsAfterVariables
[       OK ] CommandLineTest.ConfigFileSettingsAfterVariables (4 ms)
[ RUN      ] CommandLineTest.BadVariable
[       OK ] CommandLineTest.BadVariable (3 ms)
[ RUN      ] CommandLineTest.MissingConfigFile
[       OK ] CommandLineTest.MissingConfigFile (3 ms)
[----------] 27 tests from CommandLineTest (219 ms total)

[----------] 8 tests from MaybeTest
[ RUN      ] MaybeTest.TestNull
[       OK ] MaybeTest.TestNull (5 ms)
[ RUN      ] MaybeTest.TestOk
[       OK ] MaybeTest.TestOk (4 ms)
[ RUN      ] MaybeTest.TestNotDerived
[       OK ] MaybeTest.TestNotDerived (5 ms)
[ RUN      ] MaybeTest.TestDerived
[       OK ] MaybeTest.TestDerived (4 ms)
[ RUN      ] MaybeTest.TestWhere
[       OK ] MaybeTest.TestWhere (7 ms)
[ RUN      ] MaybeTest.TestValueOr
[       OK ] MaybeTest.TestValueOr (3 ms)
[ RUN      ] MaybeTest.TestNotAsDerived
[       OK ] MaybeTest.TestNotAsDerived (3 ms)
[ RUN      ] MaybeTest.TestAsDerived
[       OK ] MaybeTest.TestAsDerived (2 ms)
[----------] 8 tests from MaybeTest (35 ms total)

[----------] 7 tests from DensemapTest
[ RUN      ] DensemapTest.TestCtors
[       OK ] DensemapTest.TestCtors (60 ms)
[ RUN      ] DensemapTest.TestAt
[       OK ] DensemapTest.TestAt (23 ms)
[ RUN      ] DensemapTest.TestIter
[       OK ] DensemapTest.TestIter (19 ms)
[ RUN      ] DensemapTest.TestConstIter
[       OK ] DensemapTest.TestConstIter (12 ms)
[ RUN      ] DensemapTest.TestFind
[       OK ] DensemapTest.TestFind (13 ms)
[ RUN      ] DensemapTest.TestOperatorArrayAccess
[       OK ] DensemapTest.TestOperatorArrayAccess (14 ms)
[ RUN      ] DensemapTest.TestOperatorArrayAccessLValue
[       OK ] DensemapTest.TestOperatorArrayAccessLValue (12 ms)
[----------] 7 tests from DensemapTest (155 ms total)

[----------] 5 tests from StringSplitTest
[ RUN      ] StringSplitTest.EmptyTest
[       OK ] StringSplitTest.EmptyTest (3 ms)
[ RUN      ] StringSplitTest.OneElemTest
[       OK ] StringSplitTest.OneElemTest (4 ms)
[ RUN      ] StringSplitTest.TrailingDelim
[       OK ] StringSplitTest.TrailingDelim (4 ms)
[ RUN      ] StringSplitTest.LeadingDelim
[       OK ] StringSplitTest.LeadingDelim (5 ms)
[ RUN      ] StringSplitTest.TwoElem
[       OK ] StringSplitTest.TwoElem (4 ms)
[----------] 5 tests from StringSplitTest (20 ms total)

[----------] Global test environment tear-down
[==========] 118 tests from 24 test cases ran. (2555 ms total)
[  PASSED  ] 117 tests.
[  FAILED  ] 1 test, listed below:
[  FAILED  ] BootstrapFindConfigTest.findConfigThrows

 1 FAILED TEST
==28439== 
==28439== HEAP SUMMARY:
==28439==     in use at exit: 0 bytes in 0 blocks
==28439==   total heap usage: 6,353 allocs, 6,353 frees, 594,999 bytes allocated
==28439== 
==28439== All heap blocks were freed -- no leaks are possible
==28439== 
==28439== For counts of detected and suppressed errors, rerun with: -v
==28439== ERROR SUMMARY: 0 errors from 0 contexts (suppressed: 0 from 0)
